\BOOKMARK [0][-]{chapter.1}{\376\377\000C\000o\000n\000c\000e\000p\000t\000o\000s\000\040\000b\000\341\000s\000i\000c\000o\000s\000\040\000d\000e\000\040\000i\000n\000g\000e\000n\000i\000e\000r\000\355\000a\000\040\000m\000e\000c\000\341\000n\000i\000c\000a}{}% 1
\BOOKMARK [1][-]{section.1.1}{\376\377\000E\000s\000f\000u\000e\000r\000z\000o\000\040\000y\000\040\000d\000e\000f\000o\000r\000m\000a\000c\000i\000\363\000n}{chapter.1}% 2
\BOOKMARK [2][-]{subsection.1.1.1}{\376\377\000E\000s\000f\000u\000e\000r\000z\000o}{section.1.1}% 3
\BOOKMARK [2][-]{subsection.1.1.2}{\376\377\000D\000e\000f\000o\000r\000m\000a\000c\000i\000\363\000n}{section.1.1}% 4
\BOOKMARK [2][-]{subsection.1.1.3}{\376\377\000E\000n\000s\000a\000y\000o\000\040\000d\000e\000\040\000t\000r\000a\000c\000c\000i\000\363\000n}{section.1.1}% 5
\BOOKMARK [1][-]{section.1.2}{\376\377\000F\000a\000l\000l\000a\000\040\000d\000e\000\040\000c\000o\000m\000p\000o\000n\000e\000n\000t\000e\000s}{chapter.1}% 6
\BOOKMARK [1][-]{section.1.3}{\376\377\000D\000u\000r\000e\000z\000a}{chapter.1}% 7
\BOOKMARK [1][-]{section.1.4}{\376\377\000T\000r\000a\000n\000s\000f\000e\000r\000e\000n\000c\000i\000a\000\040\000d\000e\000\040\000c\000a\000l\000o\000r}{chapter.1}% 8
\BOOKMARK [1][-]{section.1.5}{\376\377\000M\000a\000t\000e\000r\000i\000a\000l\000e\000s\000\040\000d\000e\000\040\000i\000n\000g\000e\000n\000i\000e\000r\000\355\000a}{chapter.1}% 9
\BOOKMARK [2][-]{subsection.1.5.1}{\376\377\000C\000l\000a\000s\000i\000f\000i\000c\000a\000c\000i\000\363\000n}{section.1.5}% 10
\BOOKMARK [2][-]{subsection.1.5.2}{\376\377\000M\000a\000t\000e\000r\000i\000a\000l\000e\000s\000\040\000y\000\040\000v\000a\000l\000o\000r\000e\000s\000\040\000t\000\355\000p\000i\000c\000o\000s}{section.1.5}% 11
\BOOKMARK [2][-]{subsection.1.5.3}{\376\377\000P\000o\000l\000\355\000m\000e\000r\000o\000s}{section.1.5}% 12
\BOOKMARK [0][-]{chapter.2}{\376\377\000M\000\341\000q\000u\000i\000n\000a\000s\000\040\000C\000N\000C}{}% 13
\BOOKMARK [1][-]{section.2.1}{\376\377\000F\000l\000u\000j\000o\000\040\000d\000e\000l\000\040\000p\000r\000o\000c\000e\000s\000o\000\040\000d\000e\000\040\000f\000a\000b\000r\000i\000c\000a\000c\000i\000\363\000n\000\040\000d\000i\000g\000i\000t\000a\000l}{chapter.2}% 14
\BOOKMARK [1][-]{section.2.2}{\376\377\000S\000i\000s\000t\000e\000m\000a}{chapter.2}% 15
\BOOKMARK [1][-]{section.2.3}{\376\377\000M\000o\000t\000o\000r\000e\000s\000\040\000s\000t\000e\000p\000p\000e\000r}{chapter.2}% 16
\BOOKMARK [1][-]{section.2.4}{\376\377\000C\000\363\000d\000i\000g\000o\000\040\000G}{chapter.2}% 17
\BOOKMARK [1][-]{section.2.5}{\376\377\000C\000a\000p\000a\000c\000i\000d\000a\000d\000e\000s\000\040\000y\000\040\000p\000e\000r\000f\000o\000r\000m\000a\000n\000c\000e}{chapter.2}% 18
\BOOKMARK [1][-]{section.2.6}{\376\377\000P\000r\000o\000t\000o\000t\000i\000p\000a\000d\000o\000\040\000r\000\341\000p\000i\000d\000o}{chapter.2}% 19
\BOOKMARK [0][-]{chapter.3}{\376\377\000T\000e\000c\000n\000o\000l\000o\000g\000\355\000a\000s\000\040\000d\000e\000\040\000m\000a\000n\000u\000f\000a\000c\000t\000u\000r\000a\000\040\000a\000d\000i\000t\000i\000v\000a}{}% 20
\BOOKMARK [1][-]{section.3.1}{\376\377\000I\000n\000t\000r\000o\000d\000u\000c\000c\000i\000\363\000n}{chapter.3}% 21
\BOOKMARK [2][-]{subsection.3.1.1}{\376\377\000T\000i\000p\000o\000s\000\040\000d\000e\000\040\000t\000e\000c\000n\000o\000l\000o\000g\000\355\000a\000s}{section.3.1}% 22
\BOOKMARK [2][-]{subsection.3.1.2}{\376\377\000S\000l\000i\000c\000e\000r}{section.3.1}% 23
\BOOKMARK [1][-]{section.3.2}{\376\377\000I\000m\000p\000r\000e\000s\000i\000\363\000n\000\040\0003\000D\000\040\000p\000o\000r\000\040\000e\000x\000t\000r\000u\000s\000i\000\363\000n}{chapter.3}% 24
\BOOKMARK [2][-]{subsection.3.2.1}{\376\377\000M\000o\000d\000e\000l\000a\000d\000o\000\040\000p\000o\000r\000\040\000d\000e\000p\000o\000s\000i\000c\000i\000\363\000n\000\040\000f\000u\000n\000d\000i\000d\000a}{section.3.2}% 25
\BOOKMARK [2][-]{subsection.3.2.2}{\376\377\000M\000o\000r\000f\000o\000l\000o\000g\000\355\000a\000\040\000d\000e\000\040\000u\000n\000a\000\040\000i\000m\000p\000r\000e\000s\000i\000\363\000n\000\040\000F\000D\000M}{section.3.2}% 26
\BOOKMARK [2][-]{subsection.3.2.3}{\376\377\000C\000o\000m\000p\000o\000r\000t\000a\000m\000i\000e\000n\000t\000o\000\040\000m\000e\000c\000\341\000n\000i\000c\000o\000\040\000d\000e\000\040\000p\000i\000e\000z\000a\000s\000\040\000i\000m\000p\000r\000e\000s\000a\000s}{section.3.2}% 27
\BOOKMARK [2][-]{subsection.3.2.4}{\376\377\000P\000a\000r\000\341\000m\000e\000t\000r\000o\000s\000\040\000o\000p\000e\000r\000a\000t\000i\000v\000o\000s}{section.3.2}% 28
\BOOKMARK [2][-]{subsection.3.2.5}{\376\377\000P\000r\000o\000c\000e\000s\000a\000m\000i\000e\000n\000t\000o\000\040\000e\000n\000\040\000C\000A\000M}{section.3.2}% 29
\BOOKMARK [2][-]{subsection.3.2.6}{\376\377\000D\000e\000f\000e\000c\000t\000o\000s\000\040\000t\000\355\000p\000i\000c\000o\000s\000\040\000e\000n\000\040\000F\000D\000M}{section.3.2}% 30
\BOOKMARK [2][-]{subsection.3.2.7}{\376\377\000O\000t\000r\000a\000s\000\040\000t\000e\000c\000n\000o\000l\000o\000g\000\355\000a\000s\000\040\000d\000e\000\040\000d\000e\000p\000o\000s\000i\000c\000i\000\363\000n}{section.3.2}% 31
\BOOKMARK [1][-]{section.3.3}{\376\377\000I\000m\000p\000r\000e\000s\000i\000\363\000n\000\040\0003\000D\000\040\000p\000o\000r\000\040\000f\000o\000t\000o\000p\000o\000l\000i\000m\000e\000r\000i\000z\000a\000c\000i\000\363\000n}{chapter.3}% 32
\BOOKMARK [2][-]{subsection.3.3.1}{\376\377\000F\000o\000t\000o\000p\000o\000l\000i\000m\000e\000r\000i\000z\000a\000c\000i\000\363\000n}{section.3.3}% 33
\BOOKMARK [2][-]{subsection.3.3.2}{\376\377\000E\000s\000t\000e\000r\000e\000o\000l\000i\000t\000o\000g\000r\000a\000f\000\355\000a}{section.3.3}% 34
\BOOKMARK [2][-]{subsection.3.3.3}{\376\377\000S\000o\000p\000o\000r\000t\000e\000s\000\040\000y\000\040\000o\000r\000i\000e\000n\000t\000a\000c\000i\000\363\000n}{section.3.3}% 35
\BOOKMARK [2][-]{subsection.3.3.4}{\376\377\000F\000l\000u\000j\000o\000\040\000d\000e\000l\000\040\000p\000r\000o\000c\000e\000s\000o}{section.3.3}% 36
\BOOKMARK [2][-]{subsection.3.3.5}{\376\377\000R\000e\000s\000i\000n\000a\000s\000\040\000p\000a\000r\000a\000\040\0003\000D\000P}{section.3.3}% 37
\BOOKMARK [2][-]{subsection.3.3.6}{\376\377\000C\000o\000m\000p\000o\000r\000t\000a\000m\000i\000e\000n\000t\000o\000\040\000m\000e\000c\000\341\000n\000i\000c\000o}{section.3.3}% 38
\BOOKMARK [0][-]{chapter.4}{\376\377\000C\000o\000r\000t\000e\000\040\000C\000N\000C}{}% 39
\BOOKMARK [1][-]{section.4.1}{\376\377\000P\000r\000o\000c\000e\000s\000o\000s\000\040\000s\000u\000s\000t\000r\000a\000c\000t\000i\000v\000o\000s}{chapter.4}% 40
\BOOKMARK [1][-]{section.4.2}{\376\377\000F\000l\000u\000j\000o\000\040\000d\000e\000l\000\040\000p\000r\000o\000c\000e\000s\000o}{chapter.4}% 41
\BOOKMARK [1][-]{section.4.3}{\376\377\000O\000p\000e\000r\000a\000c\000i\000o\000n\000e\000s\000\040\000c\000o\000m\000u\000n\000e\000s}{chapter.4}% 42
\BOOKMARK [0][-]{chapter.5}{\376\377\000P\000r\000o\000c\000e\000s\000o\000s\000\040\000l\000\341\000s\000e\000r}{}% 43
\BOOKMARK [1][-]{section.5.1}{\376\377\000C\000o\000n\000c\000e\000p\000t\000o\000s\000\040\000b\000\341\000s\000i\000c\000o\000s}{chapter.5}% 44
\BOOKMARK [1][-]{section.5.2}{\376\377\000M\000e\000c\000a\000n\000i\000s\000m\000o\000s\000\040\000d\000e\000\040\000i\000n\000t\000e\000r\000a\000c\000c\000i\000\363\000n}{chapter.5}% 45
\BOOKMARK [1][-]{section.5.3}{\376\377\000L\000\341\000s\000e\000r\000s\000\040\000i\000n\000d\000u\000s\000t\000r\000i\000a\000l\000e\000s}{chapter.5}% 46
\BOOKMARK [1][-]{section.5.4}{\376\377\000C\000o\000r\000t\000e\000\040\000l\000\341\000s\000e\000r}{chapter.5}% 47
\BOOKMARK [0][-]{chapter.6}{\376\377\000P\000r\000o\000c\000e\000s\000o\000s\000\040\000n\000o\000\040\000c\000o\000n\000v\000e\000n\000c\000i\000o\000n\000a\000l\000e\000s}{}% 48
\BOOKMARK [1][-]{section.6.1}{\376\377\000E\000D\000M}{chapter.6}% 49
\BOOKMARK [1][-]{section.6.2}{\376\377\000W\000a\000t\000e\000r\000j\000e\000t}{chapter.6}% 50
\BOOKMARK [1][-]{section.6.3}{\376\377\000C\000o\000r\000t\000e\000\040\000p\000o\000r\000\040\000p\000l\000a\000s\000m\000a}{chapter.6}% 51
